<?xml version="1.0" encoding="UTF-8"?>
<testng-results skipped="0" failed="0" ignored="0" total="1" passed="1">
  <reporter-output>
  </reporter-output>
  <suite name="Default suite" duration-ms="22674" started-at="2020-07-12T12:20:31 WEST" finished-at="2020-07-12T12:20:54 WEST">
    <groups>
    </groups>
    <test name="Default test" duration-ms="22674" started-at="2020-07-12T12:20:31 WEST" finished-at="2020-07-12T12:20:54 WEST">
      <class name="Test.SeleniumTest1">
        <test-method status="PASS" signature="setUpTest()[pri:0, instance:Test.SeleniumTest1@131276c2]" name="setUpTest" is-config="true" duration-ms="5949" started-at="2020-07-12T12:20:31 WEST" finished-at="2020-07-12T12:20:37 WEST">
          <reporter-output>
          </reporter-output>
        </test-method> <!-- setUpTest -->
        <test-method status="PASS" signature="getResult()[pri:0, instance:Test.SeleniumTest1@131276c2]" name="getResult" duration-ms="14141" started-at="2020-07-12T12:20:37 WEST" finished-at="2020-07-12T12:20:51 WEST">
          <reporter-output>
          </reporter-output>
        </test-method> <!-- getResult -->
        <test-method status="PASS" signature="closePage()[pri:0, instance:Test.SeleniumTest1@131276c2]" name="closePage" is-config="true" duration-ms="2482" started-at="2020-07-12T12:20:51 WEST" finished-at="2020-07-12T12:20:54 WEST">
          <reporter-output>
          </reporter-output>
        </test-method> <!-- closePage -->
      </class> <!-- Test.SeleniumTest1 -->
    </test> <!-- Default test -->
  </suite> <!-- Default suite -->
</testng-results>
